c:\repo\theadventureengine\adventureengine\x64\debug\engine.pdb
c:\repo\theadventureengine\adventureengine\x64\debug\engine.idb
c:\repo\theadventureengine\adventureengine\engine\x64\debug\sqlite3.obj
c:\repo\theadventureengine\adventureengine\engine\x64\debug\eventnode.obj
c:\repo\theadventureengine\adventureengine\engine\x64\debug\chapter.obj
c:\repo\theadventureengine\adventureengine\engine\x64\debug\node.obj
c:\repo\theadventureengine\adventureengine\engine\x64\debug\beginnode.obj
c:\repo\theadventureengine\adventureengine\engine\x64\debug\fileextensions.obj
c:\repo\theadventureengine\adventureengine\engine\x64\debug\engine.obj
c:\repo\theadventureengine\adventureengine\engine\x64\debug\nodedetailscomponent.obj
c:\repo\theadventureengine\adventureengine\engine\x64\debug\event.obj
c:\repo\theadventureengine\adventureengine\engine\x64\debug\engine.pch
c:\repo\theadventureengine\adventureengine\engine\x64\debug\pch.obj
c:\repo\theadventureengine\adventureengine\engine\x64\debug\playerchoicecomponent.obj
c:\repo\theadventureengine\adventureengine\engine\x64\debug\projectbrowser.obj
c:\repo\theadventureengine\adventureengine\x64\debug\engine.lib
c:\repo\theadventureengine\adventureengine\engine\x64\debug\engine.tlog\cl.command.1.tlog
c:\repo\theadventureengine\adventureengine\engine\x64\debug\engine.tlog\cl.items.tlog
c:\repo\theadventureengine\adventureengine\engine\x64\debug\engine.tlog\cl.read.1.tlog
c:\repo\theadventureengine\adventureengine\engine\x64\debug\engine.tlog\cl.write.1.tlog
c:\repo\theadventureengine\adventureengine\engine\x64\debug\engine.tlog\lib-link.read.1.tlog
c:\repo\theadventureengine\adventureengine\engine\x64\debug\engine.tlog\lib-link.write.1.tlog
c:\repo\theadventureengine\adventureengine\engine\x64\debug\engine.tlog\lib.command.1.tlog
