c:\users\dave6\onedrive\documents\github\theadventureengine\adventureengine\adventureengine\x64\debug\vc143.pdb
c:\users\dave6\onedrive\documents\github\theadventureengine\adventureengine\adventureengine\x64\debug\vc143.idb
c:\users\dave6\onedrive\documents\github\theadventureengine\adventureengine\adventureengine\x64\debug\includeallnodes.obj
c:\users\dave6\onedrive\documents\github\theadventureengine\adventureengine\adventureengine\x64\debug\imgui_widgets.obj
c:\users\dave6\onedrive\documents\github\theadventureengine\adventureengine\adventureengine\x64\debug\imgui_tables.obj
c:\users\dave6\onedrive\documents\github\theadventureengine\adventureengine\adventureengine\x64\debug\imgui_impl_opengl3.obj
c:\users\dave6\onedrive\documents\github\theadventureengine\adventureengine\adventureengine\x64\debug\imgui_impl_glfw.obj
c:\users\dave6\onedrive\documents\github\theadventureengine\adventureengine\adventureengine\x64\debug\imgui_draw.obj
c:\users\dave6\onedrive\documents\github\theadventureengine\adventureengine\adventureengine\x64\debug\imgui_demo.obj
c:\users\dave6\onedrive\documents\github\theadventureengine\adventureengine\adventureengine\x64\debug\imgui.obj
c:\users\dave6\onedrive\documents\github\theadventureengine\adventureengine\adventureengine\x64\debug\eventsui.obj
c:\users\dave6\onedrive\documents\github\theadventureengine\adventureengine\adventureengine\x64\debug\eventnode.obj
c:\users\dave6\onedrive\documents\github\theadventureengine\adventureengine\adventureengine\x64\debug\eventbuttonui.obj
c:\users\dave6\onedrive\documents\github\theadventureengine\adventureengine\adventureengine\x64\debug\event.obj
c:\users\dave6\onedrive\documents\github\theadventureengine\adventureengine\adventureengine\x64\debug\console.obj
c:\users\dave6\onedrive\documents\github\theadventureengine\adventureengine\adventureengine\x64\debug\connection.obj
c:\users\dave6\onedrive\documents\github\theadventureengine\adventureengine\adventureengine\x64\debug\cmdlist.obj
c:\users\dave6\onedrive\documents\github\theadventureengine\adventureengine\adventureengine\x64\debug\chapter.obj
c:\users\dave6\onedrive\documents\github\theadventureengine\adventureengine\adventureengine\x64\debug\beginnode.obj
c:\users\dave6\onedrive\documents\github\theadventureengine\adventureengine\adventureengine\x64\debug\application.obj
c:\users\dave6\onedrive\documents\github\theadventureengine\adventureengine\adventureengine\x64\debug\adventureengine.obj
c:\users\dave6\onedrive\documents\github\theadventureengine\adventureengine\adventureengine\x64\debug\widget.obj
c:\users\dave6\onedrive\documents\github\theadventureengine\adventureengine\adventureengine\x64\debug\uimanager.obj
c:\users\dave6\onedrive\documents\github\theadventureengine\adventureengine\adventureengine\x64\debug\texture.obj
c:\users\dave6\onedrive\documents\github\theadventureengine\adventureengine\adventureengine\x64\debug\startupscreen.obj
c:\users\dave6\onedrive\documents\github\theadventureengine\adventureengine\adventureengine\x64\debug\playerstats.obj
c:\users\dave6\onedrive\documents\github\theadventureengine\adventureengine\adventureengine\x64\debug\player.obj
c:\users\dave6\onedrive\documents\github\theadventureengine\adventureengine\adventureengine\x64\debug\node.obj
c:\users\dave6\onedrive\documents\github\theadventureengine\adventureengine\adventureengine\x64\debug\monitorinfo.obj
c:\users\dave6\onedrive\documents\github\theadventureengine\adventureengine\adventureengine\x64\debug\menubar.obj
c:\users\dave6\onedrive\documents\github\theadventureengine\adventureengine\adventureengine\x64\debug\item.obj
c:\users\dave6\onedrive\documents\github\theadventureengine\adventureengine\adventureengine\x64\debug\inventory.obj
c:\users\dave6\onedrive\documents\github\theadventureengine\adventureengine\adventureengine\x64\debug\gl_core_4_4.obj
c:\users\dave6\onedrive\documents\github\theadventureengine\adventureengine\adventureengine\x64\debug\icon.res
c:\users\dave6\onedrive\documents\github\theadventureengine\adventureengine\adventureengine\x64\debug\adventureengine.ilk
c:\users\dave6\onedrive\documents\github\theadventureengine\adventureengine\x64\debug\adventureengine.pdb
c:\users\dave6\onedrive\documents\github\theadventureengine\adventureengine\adventureengine\x64\debug\adventureengine.tlog\cl.command.1.tlog
c:\users\dave6\onedrive\documents\github\theadventureengine\adventureengine\adventureengine\x64\debug\adventureengine.tlog\cl.items.tlog
c:\users\dave6\onedrive\documents\github\theadventureengine\adventureengine\adventureengine\x64\debug\adventureengine.tlog\cl.read.1.tlog
c:\users\dave6\onedrive\documents\github\theadventureengine\adventureengine\adventureengine\x64\debug\adventureengine.tlog\cl.write.1.tlog
c:\users\dave6\onedrive\documents\github\theadventureengine\adventureengine\adventureengine\x64\debug\adventureengine.tlog\link.3384-cvtres.read.1.tlog
c:\users\dave6\onedrive\documents\github\theadventureengine\adventureengine\adventureengine\x64\debug\adventureengine.tlog\link.3384-cvtres.write.1.tlog
c:\users\dave6\onedrive\documents\github\theadventureengine\adventureengine\adventureengine\x64\debug\adventureengine.tlog\link.3384-rc.read.1.tlog
c:\users\dave6\onedrive\documents\github\theadventureengine\adventureengine\adventureengine\x64\debug\adventureengine.tlog\link.3384-rc.write.1.tlog
c:\users\dave6\onedrive\documents\github\theadventureengine\adventureengine\adventureengine\x64\debug\adventureengine.tlog\link.3384.read.1.tlog
c:\users\dave6\onedrive\documents\github\theadventureengine\adventureengine\adventureengine\x64\debug\adventureengine.tlog\link.3384.read.2.tlog
c:\users\dave6\onedrive\documents\github\theadventureengine\adventureengine\adventureengine\x64\debug\adventureengine.tlog\link.3384.write.1.tlog
c:\users\dave6\onedrive\documents\github\theadventureengine\adventureengine\adventureengine\x64\debug\adventureengine.tlog\link.command.1.tlog
c:\users\dave6\onedrive\documents\github\theadventureengine\adventureengine\adventureengine\x64\debug\adventureengine.tlog\link.read.1.tlog
c:\users\dave6\onedrive\documents\github\theadventureengine\adventureengine\adventureengine\x64\debug\adventureengine.tlog\link.secondary.1.tlog
c:\users\dave6\onedrive\documents\github\theadventureengine\adventureengine\adventureengine\x64\debug\adventureengine.tlog\link.write.1.tlog
c:\users\dave6\onedrive\documents\github\theadventureengine\adventureengine\adventureengine\x64\debug\adventureengine.tlog\rc.command.1.tlog
c:\users\dave6\onedrive\documents\github\theadventureengine\adventureengine\adventureengine\x64\debug\adventureengine.tlog\rc.read.1.tlog
c:\users\dave6\onedrive\documents\github\theadventureengine\adventureengine\adventureengine\x64\debug\adventureengine.tlog\rc.write.1.tlog
