  Scanning sources for module dependencies...
  EventsUI.cpp
C:\REPO\TheAdventureEngine\AdventureEngine\AdventureEngine\Node.h(63,55): warning C4267: 'return': conversion from 'size_t' to 'int', possible loss of data
  (compiling source file 'EventsUI.cpp')
  
C:\REPO\TheAdventureEngine\AdventureEngine\AdventureEngine\Node.h(64,52): warning C4267: 'return': conversion from 'size_t' to 'int', possible loss of data
  (compiling source file 'EventsUI.cpp')
  
C:\REPO\TheAdventureEngine\AdventureEngine\AdventureEngine\Node.h(65,50): warning C4267: 'return': conversion from 'size_t' to 'int', possible loss of data
  (compiling source file 'EventsUI.cpp')
  
C:\REPO\TheAdventureEngine\AdventureEngine\AdventureEngine\ProjectBrowser.h(132,14): warning C4312: 'type cast': conversion from 'unsigned int' to 'ImTextureID' of greater size
  (compiling source file 'EventsUI.cpp')
  
C:\REPO\TheAdventureEngine\AdventureEngine\AdventureEngine\EventsUI.cpp(51,81): warning C4244: 'argument': conversion from 'int' to 'float', possible loss of data
C:\REPO\TheAdventureEngine\AdventureEngine\AdventureEngine\EventsUI.cpp(51,47): warning C4244: 'argument': conversion from 'int' to 'float', possible loss of data
C:\REPO\TheAdventureEngine\AdventureEngine\AdventureEngine\EventsUI.cpp(144,81): warning C4244: 'argument': conversion from 'int' to 'float', possible loss of data
C:\REPO\TheAdventureEngine\AdventureEngine\AdventureEngine\EventsUI.cpp(144,47): warning C4244: 'argument': conversion from 'int' to 'float', possible loss of data
C:\REPO\TheAdventureEngine\AdventureEngine\AdventureEngine\EventsUI.cpp(152,60): warning C4244: 'argument': conversion from 'int' to 'float', possible loss of data
C:\REPO\TheAdventureEngine\AdventureEngine\AdventureEngine\EventsUI.cpp(230,81): warning C4244: 'argument': conversion from 'int' to 'float', possible loss of data
C:\REPO\TheAdventureEngine\AdventureEngine\AdventureEngine\EventsUI.cpp(230,47): warning C4244: 'argument': conversion from 'int' to 'float', possible loss of data
C:\REPO\TheAdventureEngine\AdventureEngine\AdventureEngine\EventsUI.cpp(232,58): warning C4244: 'argument': conversion from 'int' to 'float', possible loss of data
C:\REPO\TheAdventureEngine\AdventureEngine\AdventureEngine\EventsUI.cpp(238,60): warning C4244: 'argument': conversion from 'int' to 'float', possible loss of data
  AdventureEngine.vcxproj -> C:\REPO\TheAdventureEngine\AdventureEngine\x64\Debug\AdventureEngine.exe
