c:\repo\theadventureengine\adventureengine\adventureengine\x64\debug\vc143.pdb
c:\repo\theadventureengine\adventureengine\adventureengine\x64\debug\vc143.idb
c:\repo\theadventureengine\adventureengine\adventureengine\x64\debug\uimanager.obj
c:\repo\theadventureengine\adventureengine\adventureengine\x64\debug\startupscreen.obj
c:\repo\theadventureengine\adventureengine\adventureengine\x64\debug\monitorinfo.obj
c:\repo\theadventureengine\adventureengine\adventureengine\x64\debug\menubar.obj
c:\repo\theadventureengine\adventureengine\adventureengine\x64\debug\imgui_widgets.obj
c:\repo\theadventureengine\adventureengine\adventureengine\x64\debug\imgui_tables.obj
c:\repo\theadventureengine\adventureengine\adventureengine\x64\debug\imgui_impl_opengl3.obj
c:\repo\theadventureengine\adventureengine\adventureengine\x64\debug\imgui_impl_glfw.obj
c:\repo\theadventureengine\adventureengine\adventureengine\x64\debug\imgui_draw.obj
c:\repo\theadventureengine\adventureengine\adventureengine\x64\debug\imgui_demo.obj
c:\repo\theadventureengine\adventureengine\adventureengine\x64\debug\imgui.obj
c:\repo\theadventureengine\adventureengine\adventureengine\x64\debug\eventsui.obj
c:\repo\theadventureengine\adventureengine\adventureengine\x64\debug\console.obj
c:\repo\theadventureengine\adventureengine\adventureengine\x64\debug\cmdlist.obj
c:\repo\theadventureengine\adventureengine\adventureengine\x64\debug\chaptereditor.obj
c:\repo\theadventureengine\adventureengine\adventureengine\x64\debug\application.obj
c:\repo\theadventureengine\adventureengine\adventureengine\x64\debug\adventureengine.obj
c:\repo\theadventureengine\adventureengine\x64\debug\editor.exe
c:\repo\theadventureengine\adventureengine\x64\debug\editor.pdb
c:\repo\theadventureengine\adventureengine\adventureengine\x64\debug\icon.res
c:\repo\theadventureengine\adventureengine\adventureengine\x64\debug\editor.ilk
c:\repo\theadventureengine\adventureengine\adventureengine\x64\debug\editor.tlog\cl.command.1.tlog
c:\repo\theadventureengine\adventureengine\adventureengine\x64\debug\editor.tlog\cl.items.tlog
c:\repo\theadventureengine\adventureengine\adventureengine\x64\debug\editor.tlog\cl.read.1.tlog
c:\repo\theadventureengine\adventureengine\adventureengine\x64\debug\editor.tlog\cl.write.1.tlog
c:\repo\theadventureengine\adventureengine\adventureengine\x64\debug\editor.tlog\link.command.1.tlog
c:\repo\theadventureengine\adventureengine\adventureengine\x64\debug\editor.tlog\link.read.1.tlog
c:\repo\theadventureengine\adventureengine\adventureengine\x64\debug\editor.tlog\link.secondary.1.tlog
c:\repo\theadventureengine\adventureengine\adventureengine\x64\debug\editor.tlog\link.write.1.tlog
c:\repo\theadventureengine\adventureengine\adventureengine\x64\debug\editor.tlog\rc.command.1.tlog
c:\repo\theadventureengine\adventureengine\adventureengine\x64\debug\editor.tlog\rc.read.1.tlog
c:\repo\theadventureengine\adventureengine\adventureengine\x64\debug\editor.tlog\rc.write.1.tlog
